<?xml version="1.0" encoding="UTF-8"?>
<!-- Generated by org.testng.reporters.JUnitReportReporter -->
<testsuite skipped="0" hostname="ATMECSINLT-065" name="com.phptravells.script.CarBookPayNow" tests="1" failures="0" timestamp="24 Sep 2019 08:47:28 GMT" time="12.502" errors="0">
  <testcase name="carTwoBookingPayNow" time="12.502" classname="com.phptravells.script.CarBookPayNow"/>
</testsuite> <!-- com.phptravells.script.CarBookPayNow -->
