<?xml version="1.0" encoding="UTF-8"?>
<!-- Generated by org.testng.reporters.JUnitReportReporter -->
<testsuite skipped="0" hostname="ATMECSINLT-065" name="com.phptravells.script.CarTwoBooking" tests="1" failures="0" timestamp="24 Sep 2019 08:47:28 GMT" time="29.286" errors="0">
  <testcase name="carTwoBooking" time="29.286" classname="com.phptravells.script.CarTwoBooking"/>
</testsuite> <!-- com.phptravells.script.CarTwoBooking -->
