<?xml version="1.0" encoding="UTF-8"?>
<!-- Generated by org.testng.reporters.JUnitReportReporter -->
<testsuite skipped="0" hostname="ATMECSINLT-065" name="com.phptravells.script.LoginPage" tests="1" failures="0" timestamp="17 Sep 2019 13:57:13 GMT" time="16.381" errors="0">
  <testcase name="loginPage" time="16.381" classname="com.phptravells.script.LoginPage"/>
</testsuite> <!-- com.phptravells.script.LoginPage -->
