<?xml version="1.0" encoding="UTF-8"?>
<!-- Generated by org.testng.reporters.JUnitReportReporter -->
<testsuite skipped="0" hostname="ATMECSINLT-065" name="com.phptravells.script.CarBookPayNow" tests="1" failures="0" timestamp="23 Sep 2019 10:06:18 GMT" time="22.877" errors="0">
  <testcase name="carTwoBookingPayNow" time="22.877" classname="com.phptravells.script.CarBookPayNow"/>
</testsuite> <!-- com.phptravells.script.CarBookPayNow -->
