<?xml version="1.0" encoding="UTF-8"?>
<!-- Generated by org.testng.reporters.JUnitReportReporter -->
<testsuite skipped="0" hostname="ATMECSINLT-065" name="com.phptravells.CarFirstBookingPayArrival" tests="1" failures="0" timestamp="13 Sep 2019 14:51:17 GMT" time="26.240" errors="0">
  <testcase name="carBookinPayArrival" time="26.240" classname="com.phptravells.CarFirstBookingPayArrival"/>
</testsuite> <!-- com.phptravells.CarFirstBookingPayArrival -->
