<?xml version="1.0" encoding="UTF-8"?>
<!-- Generated by org.testng.reporters.JUnitReportReporter -->
<testsuite skipped="0" hostname="ATMECSINLT-065" name="com.phptravells.script.CarFirstBookingPayArrival" tests="1" failures="0" timestamp="24 Sep 2019 08:47:28 GMT" time="28.592" errors="0">
  <testcase name="carBookinPayArrival" time="28.592" classname="com.phptravells.script.CarFirstBookingPayArrival"/>
</testsuite> <!-- com.phptravells.script.CarFirstBookingPayArrival -->
