<?xml version="1.0" encoding="UTF-8"?>
<!-- Generated by org.testng.reporters.JUnitReportReporter -->
<testsuite skipped="0" hostname="ATMECSINLT-065" name="com.phptravells.LoginPage" tests="1" failures="0" timestamp="11 Sep 2019 15:25:58 GMT" time="37.091" errors="0">
  <testcase name="homePage" time="37.091" classname="com.phptravells.LoginPage"/>
</testsuite> <!-- com.phptravells.LoginPage -->
