<?xml version="1.0" encoding="UTF-8"?>
<!-- Generated by org.testng.reporters.JUnitReportReporter -->
<testsuite skipped="0" hostname="ATMECSINLT-065" name="com.phptravells.script.CarTwoBooking" tests="1" failures="0" timestamp="18 Sep 2019 13:47:21 GMT" time="27.713" errors="0">
  <testcase name="carTwoBooking" time="27.713" classname="com.phptravells.script.CarTwoBooking"/>
</testsuite> <!-- com.phptravells.script.CarTwoBooking -->
