<?xml version="1.0" encoding="UTF-8"?>
<!-- Generated by org.testng.reporters.JUnitReportReporter -->
<testsuite skipped="0" hostname="ATMECSINLT-065" name="com.phptravells.script.CarFirstBookingPayArrival" tests="1" failures="0" timestamp="23 Sep 2019 10:06:18 GMT" time="34.354" errors="0">
  <testcase name="carBookinPayArrival" time="34.354" classname="com.phptravells.script.CarFirstBookingPayArrival"/>
</testsuite> <!-- com.phptravells.script.CarFirstBookingPayArrival -->
