<?xml version="1.0" encoding="UTF-8"?>
<!-- Generated by org.testng.reporters.JUnitReportReporter -->
<testsuite skipped="0" hostname="ATMECSINLT-065" name="com.phptravells.CarBookingPage" tests="1" failures="0" timestamp="12 Sep 2019 18:16:12 GMT" time="24.062" errors="0">
  <testcase name="CarBookingpage" time="24.062" classname="com.phptravells.CarBookingPage"/>
</testsuite> <!-- com.phptravells.CarBookingPage -->
