<?xml version="1.0" encoding="UTF-8"?>
<!-- Generated by org.testng.reporters.JUnitReportReporter -->
<testsuite skipped="0" hostname="ATMECSINLT-065" name="com.phptravells.script.LoginPage" tests="1" failures="0" timestamp="18 Sep 2019 13:47:21 GMT" time="15.924" errors="0">
  <testcase name="loginPage" time="15.924" classname="com.phptravells.script.LoginPage"/>
</testsuite> <!-- com.phptravells.script.LoginPage -->
