<?xml version="1.0" encoding="UTF-8"?>
<!-- Generated by org.testng.reporters.JUnitReportReporter -->
<testsuite skipped="0" hostname="ATMECSINLT-065" name="com.phptravells.script.CarFirstBookingPayArrival" tests="1" failures="0" timestamp="16 Sep 2019 13:59:42 GMT" time="26.700" errors="0">
  <testcase name="carBookinPayArrival" time="26.700" classname="com.phptravells.script.CarFirstBookingPayArrival"/>
</testsuite> <!-- com.phptravells.script.CarFirstBookingPayArrival -->
