<?xml version="1.0" encoding="UTF-8"?>
<!-- Generated by org.testng.reporters.JUnitReportReporter -->
<testsuite skipped="0" hostname="ATMECSINLT-065" name="com.phptravells.script.CarTwoBooking" tests="1" failures="0" timestamp="16 Sep 2019 13:59:42 GMT" time="26.750" errors="0">
  <testcase name="carTwoBooking" time="26.750" classname="com.phptravells.script.CarTwoBooking"/>
</testsuite> <!-- com.phptravells.script.CarTwoBooking -->
