<?xml version="1.0" encoding="UTF-8"?>
<!-- Generated by org.testng.reporters.JUnitReportReporter -->
<testsuite skipped="0" hostname="ATMECSINLT-065" name="com.phptravells.CarBookPayNow" tests="1" failures="0" timestamp="13 Sep 2019 14:51:17 GMT" time="13.139" errors="0">
  <testcase name="carTwoBookingPayNow" time="13.139" classname="com.phptravells.CarBookPayNow"/>
</testsuite> <!-- com.phptravells.CarBookPayNow -->
