<?xml version="1.0" encoding="UTF-8"?>
<!-- Generated by org.testng.reporters.JUnitReportReporter -->
<testsuite skipped="0" hostname="ATMECSINLT-065" name="com.phptravells.script.CarFirstBookingPayArrival" tests="1" failures="0" timestamp="17 Sep 2019 13:57:13 GMT" time="28.623" errors="0">
  <testcase name="carBookinPayArrival" time="28.623" classname="com.phptravells.script.CarFirstBookingPayArrival"/>
</testsuite> <!-- com.phptravells.script.CarFirstBookingPayArrival -->
