<?xml version="1.0" encoding="UTF-8"?>
<!-- Generated by org.testng.reporters.JUnitReportReporter -->
<testsuite skipped="0" hostname="ATMECSINLT-065" name="com.phptravells.CarTwoBooking" tests="1" failures="0" timestamp="13 Sep 2019 14:51:17 GMT" time="24.866" errors="0">
  <testcase name="carTwoBooking" time="24.866" classname="com.phptravells.CarTwoBooking"/>
</testsuite> <!-- com.phptravells.CarTwoBooking -->
