<?xml version="1.0" encoding="UTF-8"?>
<!-- Generated by org.testng.reporters.JUnitReportReporter -->
<testsuite skipped="0" hostname="ATMECSINLT-065" name="com.phptravells.script.LoginPage" tests="1" failures="0" timestamp="24 Sep 2019 08:47:28 GMT" time="20.594" errors="0">
  <testcase name="loginPage" time="20.594" classname="com.phptravells.script.LoginPage"/>
</testsuite> <!-- com.phptravells.script.LoginPage -->
