<?xml version="1.0" encoding="UTF-8"?>
<!-- Generated by org.testng.reporters.JUnitReportReporter -->
<testsuite skipped="0" hostname="ATMECSINLT-065" name="com.phptravells.LoginPage" tests="1" failures="0" timestamp="12 Sep 2019 12:46:07 GMT" time="7.750" errors="0">
  <testcase name="homePage" time="7.750" classname="com.phptravells.LoginPage"/>
</testsuite> <!-- com.phptravells.LoginPage -->
