<?xml version="1.0" encoding="UTF-8"?>
<!-- Generated by org.testng.reporters.JUnitReportReporter -->
<testsuite skipped="0" hostname="ATMECSINLT-065" name="com.phptravells.script.LoginPage" tests="1" failures="0" timestamp="23 Sep 2019 10:06:18 GMT" time="22.532" errors="0">
  <testcase name="loginPage" time="22.532" classname="com.phptravells.script.LoginPage"/>
</testsuite> <!-- com.phptravells.script.LoginPage -->
