<?xml version="1.0" encoding="UTF-8"?>
<!-- Generated by org.testng.reporters.JUnitReportReporter -->
<testsuite skipped="0" hostname="ATMECSINLT-065" name="com.phptravells.CarFirstBookingPayArrival" tests="1" failures="0" timestamp="2019-09-16T17:51:15 IST" time="37.366" errors="0">
  <testcase name="carBookinPayArrival" time="37.366" classname="com.phptravells.CarFirstBookingPayArrival"/>
</testsuite> <!-- com.phptravells.CarFirstBookingPayArrival -->
