<?xml version="1.0" encoding="UTF-8"?>
<!-- Generated by org.testng.reporters.JUnitReportReporter -->
<testsuite skipped="0" hostname="ATMECSINLT-065" name="com.phptravells.LoginPage" tests="1" failures="0" timestamp="2019-09-13T20:37:46 IST" time="8.105" errors="0">
  <testcase name="loginPage" time="8.105" classname="com.phptravells.LoginPage"/>
</testsuite> <!-- com.phptravells.LoginPage -->
