<?xml version="1.0" encoding="UTF-8"?>
<!-- Generated by org.testng.reporters.JUnitReportReporter -->
<testsuite skipped="0" hostname="ATMECSINLT-065" name="com.phptravells.script.CarTwoBooking" tests="1" failures="0" timestamp="2019-09-24T12:53:14 IST" time="33.610" errors="0">
  <testcase name="carTwoBooking" time="33.610" classname="com.phptravells.script.CarTwoBooking"/>
</testsuite> <!-- com.phptravells.script.CarTwoBooking -->
